# JRE version: OpenJDK Runtime Environment (8.0_152-b01) (build 1.8.0_152-release-915-b01)
# Java VM: OpenJDK 64-Bit Server VM (25.152-b01 mixed mode windows-amd64 compressed oops)
Heap:
 PSYoungGen      total 70656K, used 10573K [0x00000000e0000000, 0x00000000e4f80000, 0x0000000100000000)
  eden space 59904K, 17% used [0x00000000e0000000,0x00000000e0a53668,0x00000000e3a80000)
  from space 10752K, 0% used [0x00000000e3a80000,0x00000000e3a80000,0x00000000e4500000)
  to   space 7168K, 0% used [0x00000000e4880000,0x00000000e4880000,0x00000000e4f80000)
 ParOldGen       total 65536K, used 16139K [0x00000000a0000000, 0x00000000a4000000, 0x00000000e0000000)
  object space 65536K, 24% used [0x00000000a0000000,0x00000000a0fc2d98,0x00000000a4000000)
 Metaspace       used 35869K, capacity 36500K, committed 36824K, reserved 1081344K
  class space    used 4831K, capacity 5038K, committed 5120K, reserved 1048576K
GC Heap History (10 events):
Event: 4.846 GC heap before
{Heap before GC invocations=7 (full 1):
 PSYoungGen      total 36864K, used 31744K [0x00000000e0000000, 0x00000000e5300000, 0x0000000100000000)
  eden space 31744K, 100% used [0x00000000e0000000,0x00000000e1f00000,0x00000000e1f00000)
  from space 5120K, 0% used [0x00000000e1f00000,0x00000000e1f00000,0x00000000e2400000)
  to   space 10752K, 0% used [0x00000000e4880000,0x00000000e4880000,0x00000000e5300000)
 ParOldGen       total 46592K, used 6547K [0x00000000a0000000, 0x00000000a2d80000, 0x00000000e0000000)
  object space 46592K, 14% used [0x00000000a0000000,0x00000000a0664f98,0x00000000a2d80000)
 Metaspace       used 23388K, capacity 23796K, committed 24064K, reserved 1071104K
  class space    used 3166K, capacity 3315K, committed 3328K, reserved 1048576K
Event: 4.850 GC heap after
Heap after GC invocations=7 (full 1):
 PSYoungGen      total 67072K, used 3767K [0x00000000e0000000, 0x00000000e4f80000, 0x0000000100000000)
  eden space 59904K, 0% used [0x00000000e0000000,0x00000000e0000000,0x00000000e3a80000)
  from space 7168K, 52% used [0x00000000e4880000,0x00000000e4c2dc68,0x00000000e4f80000)
  to   space 10752K, 0% used [0x00000000e3a80000,0x00000000e3a80000,0x00000000e4500000)
 ParOldGen       total 46592K, used 6555K [0x00000000a0000000, 0x00000000a2d80000, 0x00000000e0000000)
  object space 46592K, 14% used [0x00000000a0000000,0x00000000a0666f98,0x00000000a2d80000)
 Metaspace       used 23388K, capacity 23796K, committed 24064K, reserved 1071104K
  class space    used 3166K, capacity 3315K, committed 3328K, reserved 1048576K
}
Event: 5.632 GC heap before
{Heap before GC invocations=8 (full 1):
 PSYoungGen      total 67072K, used 63671K [0x00000000e0000000, 0x00000000e4f80000, 0x0000000100000000)
  eden space 59904K, 100% used [0x00000000e0000000,0x00000000e3a80000,0x00000000e3a80000)
  from space 7168K, 52% used [0x00000000e4880000,0x00000000e4c2dc68,0x00000000e4f80000)
  to   space 10752K, 0% used [0x00000000e3a80000,0x00000000e3a80000,0x00000000e4500000)
 ParOldGen       total 46592K, used 6555K [0x00000000a0000000, 0x00000000a2d80000, 0x00000000e0000000)
  object space 46592K, 14% used [0x00000000a0000000,0x00000000a0666f98,0x00000000a2d80000)
 Metaspace       used 27469K, capacity 27910K, committed 28160K, reserved 1073152K
  class space    used 3804K, capacity 3978K, committed 4096K, reserved 1048576K
Event: 5.698 GC heap after
Heap after GC invocations=8 (full 1):
 PSYoungGen      total 70656K, used 7609K [0x00000000e0000000, 0x00000000e4f80000, 0x0000000100000000)
  eden space 59904K, 0% used [0x00000000e0000000,0x00000000e0000000,0x00000000e3a80000)
  from space 10752K, 70% used [0x00000000e3a80000,0x00000000e41ee648,0x00000000e4500000)
  to   space 7168K, 0% used [0x00000000e4880000,0x00000000e4880000,0x00000000e4f80000)
 ParOldGen       total 46592K, used 6563K [0x00000000a0000000, 0x00000000a2d80000, 0x00000000e0000000)
  object space 46592K, 14% used [0x00000000a0000000,0x00000000a0668f98,0x00000000a2d80000)
 Metaspace       used 27469K, capacity 27910K, committed 28160K, reserved 1073152K
  class space    used 3804K, capacity 3978K, committed 4096K, reserved 1048576K
}
Event: 6.682 GC heap before
{Heap before GC invocations=9 (full 1):
 PSYoungGen      total 70656K, used 67513K [0x00000000e0000000, 0x00000000e4f80000, 0x0000000100000000)
  eden space 59904K, 100% used [0x00000000e0000000,0x00000000e3a80000,0x00000000e3a80000)
  from space 10752K, 70% used [0x00000000e3a80000,0x00000000e41ee648,0x00000000e4500000)
  to   space 7168K, 0% used [0x00000000e4880000,0x00000000e4880000,0x00000000e4f80000)
 ParOldGen       total 46592K, used 6563K [0x00000000a0000000, 0x00000000a2d80000, 0x00000000e0000000)
  object space 46592K, 14% used [0x00000000a0000000,0x00000000a0668f98,0x00000000a2d80000)
 Metaspace       used 30142K, capacity 30566K, committed 30720K, reserved 1075200K
  class space    used 4080K, capacity 4266K, committed 4352K, reserved 1048576K
Event: 6.708 GC heap after
Heap after GC invocations=9 (full 1):
 PSYoungGen      total 67072K, used 6406K [0x00000000e0000000, 0x00000000e4f80000, 0x0000000100000000)
  eden space 59904K, 0% used [0x00000000e0000000,0x00000000e0000000,0x00000000e3a80000)
  from space 7168K, 89% used [0x00000000e4880000,0x00000000e4ec1858,0x00000000e4f80000)
  to   space 10752K, 0% used [0x00000000e3a80000,0x00000000e3a80000,0x00000000e4500000)
 ParOldGen       total 46592K, used 6571K [0x00000000a0000000, 0x00000000a2d80000, 0x00000000e0000000)
  object space 46592K, 14% used [0x00000000a0000000,0x00000000a066af98,0x00000000a2d80000)
 Metaspace       used 30142K, capacity 30566K, committed 30720K, reserved 1075200K
  class space    used 4080K, capacity 4266K, committed 4352K, reserved 1048576K
}
Event: 8.022 GC heap before
{Heap before GC invocations=10 (full 1):
 PSYoungGen      total 67072K, used 45006K [0x00000000e0000000, 0x00000000e4f80000, 0x0000000100000000)
  eden space 59904K, 64% used [0x00000000e0000000,0x00000000e25b2028,0x00000000e3a80000)
  from space 7168K, 89% used [0x00000000e4880000,0x00000000e4ec1858,0x00000000e4f80000)
  to   space 10752K, 0% used [0x00000000e3a80000,0x00000000e3a80000,0x00000000e4500000)
 ParOldGen       total 46592K, used 6571K [0x00000000a0000000, 0x00000000a2d80000, 0x00000000e0000000)
  object space 46592K, 14% used [0x00000000a0000000,0x00000000a066af98,0x00000000a2d80000)
 Metaspace       used 34622K, capacity 35220K, committed 35416K, reserved 1079296K
  class space    used 4682K, capacity 4910K, committed 4992K, reserved 1048576K
Event: 8.032 GC heap after
Heap after GC invocations=10 (full 1):
 PSYoungGen      total 70656K, used 8159K [0x00000000e0000000, 0x00000000e4f80000, 0x0000000100000000)
  eden space 59904K, 0% used [0x00000000e0000000,0x00000000e0000000,0x00000000e3a80000)
  from space 10752K, 75% used [0x00000000e3a80000,0x00000000e4277ee8,0x00000000e4500000)
  to   space 7168K, 0% used [0x00000000e4880000,0x00000000e4880000,0x00000000e4f80000)
 ParOldGen       total 46592K, used 8408K [0x00000000a0000000, 0x00000000a2d80000, 0x00000000e0000000)
  object space 46592K, 18% used [0x00000000a0000000,0x00000000a0836008,0x00000000a2d80000)
 Metaspace       used 34622K, capacity 35220K, committed 35416K, reserved 1079296K
  class space    used 4682K, capacity 4910K, committed 4992K, reserved 1048576K
}
Event: 8.032 GC heap before
{Heap before GC invocations=11 (full 2):
 PSYoungGen      total 70656K, used 8159K [0x00000000e0000000, 0x00000000e4f80000, 0x0000000100000000)
  eden space 59904K, 0% used [0x00000000e0000000,0x00000000e0000000,0x00000000e3a80000)
  from space 10752K, 75% used [0x00000000e3a80000,0x00000000e4277ee8,0x00000000e4500000)
  to   space 7168K, 0% used [0x00000000e4880000,0x00000000e4880000,0x00000000e4f80000)
 ParOldGen       total 46592K, used 8408K [0x00000000a0000000, 0x00000000a2d80000, 0x00000000e0000000)
  object space 46592K, 18% used [0x00000000a0000000,0x00000000a0836008,0x00000000a2d80000)
 Metaspace       used 34622K, capacity 35220K, committed 35416K, reserved 1079296K
  class space    used 4682K, capacity 4910K, committed 4992K, reserved 1048576K
Event: 8.175 GC heap after
Heap after GC invocations=11 (full 2):
 PSYoungGen      total 70656K, used 0K [0x00000000e0000000, 0x00000000e4f80000, 0x0000000100000000)
  eden space 59904K, 0% used [0x00000000e0000000,0x00000000e0000000,0x00000000e3a80000)
  from space 10752K, 0% used [0x00000000e3a80000,0x00000000e3a80000,0x00000000e4500000)
  to   space 7168K, 0% used [0x00000000e4880000,0x00000000e4880000,0x00000000e4f80000)
 ParOldGen       total 65536K, used 16139K [0x00000000a0000000, 0x00000000a4000000, 0x00000000e0000000)
  object space 65536K, 24% used [0x00000000a0000000,0x00000000a0fc2d98,0x00000000a4000000)
 Metaspace       used 34622K, capacity 35220K, committed 35416K, reserved 1079296K
  class space    used 4682K, capacity 4910K, committed 4992K, reserved 1048576K
}

