# JRE version: OpenJDK Runtime Environment (8.0_152-b01) (build 1.8.0_152-release-915-b01)
# Java VM: OpenJDK 64-Bit Server VM (25.152-b01 mixed mode windows-amd64 compressed oops)
Heap:
 PSYoungGen      total 132096K, used 16463K [0x00000000e0000000, 0x00000000e8600000, 0x0000000100000000)
  eden space 126976K, 8% used [0x00000000e0000000,0x00000000e0b1bd90,0x00000000e7c00000)
  from space 5120K, 99% used [0x00000000e8100000,0x00000000e85f8028,0x00000000e8600000)
  to   space 5120K, 0% used [0x00000000e7c00000,0x00000000e7c00000,0x00000000e8100000)
 ParOldGen       total 68096K, used 37455K [0x00000000a0000000, 0x00000000a4280000, 0x00000000e0000000)
  object space 68096K, 55% used [0x00000000a0000000,0x00000000a2493cd0,0x00000000a4280000)
 Metaspace       used 54537K, capacity 56242K, committed 56536K, reserved 1097728K
  class space    used 7303K, capacity 7815K, committed 7936K, reserved 1048576K
GC Heap History (10 events):
Event: 14.380 GC heap before
{Heap before GC invocations=6 (full 1):
 PSYoungGen      total 132096K, used 126976K [0x00000000e0000000, 0x00000000e8600000, 0x0000000100000000)
  eden space 126976K, 100% used [0x00000000e0000000,0x00000000e7c00000,0x00000000e7c00000)
  from space 5120K, 0% used [0x00000000e8100000,0x00000000e8100000,0x00000000e8600000)
  to   space 5120K, 0% used [0x00000000e7c00000,0x00000000e7c00000,0x00000000e8100000)
 ParOldGen       total 48640K, used 7246K [0x00000000a0000000, 0x00000000a2f80000, 0x00000000e0000000)
  object space 48640K, 14% used [0x00000000a0000000,0x00000000a0713938,0x00000000a2f80000)
 Metaspace       used 30411K, capacity 31078K, committed 31232K, reserved 1077248K
  class space    used 4046K, capacity 4289K, committed 4352K, reserved 1048576K
Event: 14.409 GC heap after
Heap after GC invocations=6 (full 1):
 PSYoungGen      total 132096K, used 5112K [0x00000000e0000000, 0x00000000e8600000, 0x0000000100000000)
  eden space 126976K, 0% used [0x00000000e0000000,0x00000000e0000000,0x00000000e7c00000)
  from space 5120K, 99% used [0x00000000e7c00000,0x00000000e80fe0d0,0x00000000e8100000)
  to   space 5120K, 0% used [0x00000000e8100000,0x00000000e8100000,0x00000000e8600000)
 ParOldGen       total 48640K, used 14262K [0x00000000a0000000, 0x00000000a2f80000, 0x00000000e0000000)
  object space 48640K, 29% used [0x00000000a0000000,0x00000000a0ded820,0x00000000a2f80000)
 Metaspace       used 30411K, capacity 31078K, committed 31232K, reserved 1077248K
  class space    used 4046K, capacity 4289K, committed 4352K, reserved 1048576K
}
Event: 15.919 GC heap before
{Heap before GC invocations=7 (full 1):
 PSYoungGen      total 132096K, used 69078K [0x00000000e0000000, 0x00000000e8600000, 0x0000000100000000)
  eden space 126976K, 50% used [0x00000000e0000000,0x00000000e3e779f0,0x00000000e7c00000)
  from space 5120K, 99% used [0x00000000e7c00000,0x00000000e80fe0d0,0x00000000e8100000)
  to   space 5120K, 0% used [0x00000000e8100000,0x00000000e8100000,0x00000000e8600000)
 ParOldGen       total 48640K, used 14262K [0x00000000a0000000, 0x00000000a2f80000, 0x00000000e0000000)
  object space 48640K, 29% used [0x00000000a0000000,0x00000000a0ded820,0x00000000a2f80000)
 Metaspace       used 34551K, capacity 35280K, committed 35416K, reserved 1079296K
  class space    used 4633K, capacity 4923K, committed 4992K, reserved 1048576K
Event: 15.931 GC heap after
Heap after GC invocations=7 (full 1):
 PSYoungGen      total 132096K, used 5088K [0x00000000e0000000, 0x00000000e8600000, 0x0000000100000000)
  eden space 126976K, 0% used [0x00000000e0000000,0x00000000e0000000,0x00000000e7c00000)
  from space 5120K, 99% used [0x00000000e8100000,0x00000000e85f8020,0x00000000e8600000)
  to   space 5120K, 0% used [0x00000000e7c00000,0x00000000e7c00000,0x00000000e8100000)
 ParOldGen       total 48640K, used 19458K [0x00000000a0000000, 0x00000000a2f80000, 0x00000000e0000000)
  object space 48640K, 40% used [0x00000000a0000000,0x00000000a1300aa8,0x00000000a2f80000)
 Metaspace       used 34551K, capacity 35280K, committed 35416K, reserved 1079296K
  class space    used 4633K, capacity 4923K, committed 4992K, reserved 1048576K
}
Event: 15.931 GC heap before
{Heap before GC invocations=8 (full 2):
 PSYoungGen      total 132096K, used 5088K [0x00000000e0000000, 0x00000000e8600000, 0x0000000100000000)
  eden space 126976K, 0% used [0x00000000e0000000,0x00000000e0000000,0x00000000e7c00000)
  from space 5120K, 99% used [0x00000000e8100000,0x00000000e85f8020,0x00000000e8600000)
  to   space 5120K, 0% used [0x00000000e7c00000,0x00000000e7c00000,0x00000000e8100000)
 ParOldGen       total 48640K, used 19458K [0x00000000a0000000, 0x00000000a2f80000, 0x00000000e0000000)
  object space 48640K, 40% used [0x00000000a0000000,0x00000000a1300aa8,0x00000000a2f80000)
 Metaspace       used 34551K, capacity 35280K, committed 35416K, reserved 1079296K
  class space    used 4633K, capacity 4923K, committed 4992K, reserved 1048576K
Event: 16.001 GC heap after
Heap after GC invocations=8 (full 2):
 PSYoungGen      total 132096K, used 0K [0x00000000e0000000, 0x00000000e8600000, 0x0000000100000000)
  eden space 126976K, 0% used [0x00000000e0000000,0x00000000e0000000,0x00000000e7c00000)
  from space 5120K, 0% used [0x00000000e8100000,0x00000000e8100000,0x00000000e8600000)
  to   space 5120K, 0% used [0x00000000e7c00000,0x00000000e7c00000,0x00000000e8100000)
 ParOldGen       total 68096K, used 17607K [0x00000000a0000000, 0x00000000a4280000, 0x00000000e0000000)
  object space 68096K, 25% used [0x00000000a0000000,0x00000000a1131c88,0x00000000a4280000)
 Metaspace       used 34500K, capacity 35148K, committed 35416K, reserved 1079296K
  class space    used 4620K, capacity 4879K, committed 4992K, reserved 1048576K
}
Event: 20.837 GC heap before
{Heap before GC invocations=9 (full 2):
 PSYoungGen      total 132096K, used 126976K [0x00000000e0000000, 0x00000000e8600000, 0x0000000100000000)
  eden space 126976K, 100% used [0x00000000e0000000,0x00000000e7c00000,0x00000000e7c00000)
  from space 5120K, 0% used [0x00000000e8100000,0x00000000e8100000,0x00000000e8600000)
  to   space 5120K, 0% used [0x00000000e7c00000,0x00000000e7c00000,0x00000000e8100000)
 ParOldGen       total 68096K, used 17607K [0x00000000a0000000, 0x00000000a4280000, 0x00000000e0000000)
  object space 68096K, 25% used [0x00000000a0000000,0x00000000a1131c88,0x00000000a4280000)
 Metaspace       used 43800K, capacity 44568K, committed 45016K, reserved 1087488K
  class space    used 5767K, capacity 6083K, committed 6144K, reserved 1048576K
Event: 20.857 GC heap after
Heap after GC invocations=9 (full 2):
 PSYoungGen      total 132096K, used 5088K [0x00000000e0000000, 0x00000000e8600000, 0x0000000100000000)
  eden space 126976K, 0% used [0x00000000e0000000,0x00000000e0000000,0x00000000e7c00000)
  from space 5120K, 99% used [0x00000000e7c00000,0x00000000e80f8010,0x00000000e8100000)
  to   space 5120K, 0% used [0x00000000e8100000,0x00000000e8100000,0x00000000e8600000)
 ParOldGen       total 68096K, used 23629K [0x00000000a0000000, 0x00000000a4280000, 0x00000000e0000000)
  object space 68096K, 34% used [0x00000000a0000000,0x00000000a1713400,0x00000000a4280000)
 Metaspace       used 43800K, capacity 44568K, committed 45016K, reserved 1087488K
  class space    used 5767K, capacity 6083K, committed 6144K, reserved 1048576K
}
Event: 23.361 GC heap before
{Heap before GC invocations=10 (full 2):
 PSYoungGen      total 132096K, used 132064K [0x00000000e0000000, 0x00000000e8600000, 0x0000000100000000)
  eden space 126976K, 100% used [0x00000000e0000000,0x00000000e7c00000,0x00000000e7c00000)
  from space 5120K, 99% used [0x00000000e7c00000,0x00000000e80f8010,0x00000000e8100000)
  to   space 5120K, 0% used [0x00000000e8100000,0x00000000e8100000,0x00000000e8600000)
 ParOldGen       total 68096K, used 23629K [0x00000000a0000000, 0x00000000a4280000, 0x00000000e0000000)
  object space 68096K, 34% used [0x00000000a0000000,0x00000000a1713400,0x00000000a4280000)
 Metaspace       used 53889K, capacity 55472K, committed 55512K, reserved 1097728K
  class space    used 7198K, capacity 7662K, committed 7680K, reserved 1048576K
Event: 23.392 GC heap after
Heap after GC invocations=10 (full 2):
 PSYoungGen      total 132096K, used 5088K [0x00000000e0000000, 0x00000000e8600000, 0x0000000100000000)
  eden space 126976K, 0% used [0x00000000e0000000,0x00000000e0000000,0x00000000e7c00000)
  from space 5120K, 99% used [0x00000000e8100000,0x00000000e85f8028,0x00000000e8600000)
  to   space 5120K, 0% used [0x00000000e7c00000,0x00000000e7c00000,0x00000000e8100000)
 ParOldGen       total 68096K, used 37455K [0x00000000a0000000, 0x00000000a4280000, 0x00000000e0000000)
  object space 68096K, 55% used [0x00000000a0000000,0x00000000a2493cd0,0x00000000a4280000)
 Metaspace       used 53889K, capacity 55472K, committed 55512K, reserved 1097728K
  class space    used 7198K, capacity 7662K, committed 7680K, reserved 1048576K
}

